<?xml version="1.0" encoding="UTF-8"?>
<testng-results ignored="0" total="1" passed="1" failed="0" skipped="0">
  <reporter-output>
  </reporter-output>
  <suite started-at="2023-12-29T20:43:39 IST" name="Default suite" finished-at="2023-12-29T20:44:26 IST" duration-ms="46505">
    <groups>
    </groups>
    <test started-at="2023-12-29T20:43:39 IST" name="Default test" finished-at="2023-12-29T20:44:26 IST" duration-ms="46505">
      <class name="Automation.Pushpendra">
        <test-method signature="Broswer()[pri:0, instance:Automation.Pushpendra@770d3326]" started-at="2023-12-29T20:43:39 IST" name="Broswer" finished-at="2023-12-29T20:44:25 IST" duration-ms="46407" status="PASS">
          <reporter-output>
          </reporter-output>
        </test-method> <!-- Broswer -->
      </class> <!-- Automation.Pushpendra -->
    </test> <!-- Default test -->
  </suite> <!-- Default suite -->
</testng-results>
